  소스.cpp
c:\_____main\_____바로가기\___c++\프로젝트들\big_int\big_int\소스.cpp(83): warning C4018: '<': signed 또는 unsigned가 일치하지 않습니다.
c:\_____main\_____바로가기\___c++\프로젝트들\big_int\big_int\소스.cpp(143): warning C4018: '<=': signed 또는 unsigned가 일치하지 않습니다.
c:\_____main\_____바로가기\___c++\프로젝트들\big_int\big_int\소스.cpp(144): warning C4018: '<=': signed 또는 unsigned가 일치하지 않습니다.
c:\_____main\_____바로가기\___c++\프로젝트들\big_int\big_int\소스.cpp(149): warning C4244: '인수': 'uint64'에서 '_Ty'(으)로 변환하면서 데이터가 손실될 수 있습니다.
          with
          [
              _Ty=uint32
          ]
c:\_____main\_____바로가기\___c++\프로젝트들\big_int\big_int\소스.cpp(153): warning C4244: '인수': 'uint64'에서 'const _Ty'(으)로 변환하면서 데이터가 손실될 수 있습니다.
          with
          [
              _Ty=uint32
          ]
c:\_____main\_____바로가기\___c++\프로젝트들\big_int\big_int\소스.cpp(172): warning C4018: '<': signed 또는 unsigned가 일치하지 않습니다.
c:\_____main\_____바로가기\___c++\프로젝트들\big_int\big_int\소스.cpp(173): warning C4018: '<=': signed 또는 unsigned가 일치하지 않습니다.
c:\_____main\_____바로가기\___c++\프로젝트들\big_int\big_int\소스.cpp(174): warning C4018: '<=': signed 또는 unsigned가 일치하지 않습니다.
c:\_____main\_____바로가기\___c++\프로젝트들\big_int\big_int\소스.cpp(179): warning C4244: '인수': 'uint64'에서 'const _Ty'(으)로 변환하면서 데이터가 손실될 수 있습니다.
          with
          [
              _Ty=uint32
          ]
c:\_____main\_____바로가기\___c++\프로젝트들\big_int\big_int\소스.cpp(183): warning C4244: '인수': 'uint64'에서 '_Ty'(으)로 변환하면서 데이터가 손실될 수 있습니다.
          with
          [
              _Ty=uint32
          ]
c:\_____main\_____바로가기\___c++\프로젝트들\big_int\big_int\소스.cpp(266): warning C4018: '<': signed 또는 unsigned가 일치하지 않습니다.
c:\_____main\_____바로가기\___c++\프로젝트들\big_int\big_int\소스.cpp(268): warning C4244: '=': 'uint64'에서 'uint32'(으)로 변환하면서 데이터가 손실될 수 있습니다.
c:\_____main\_____바로가기\___c++\프로젝트들\big_int\big_int\소스.cpp(289): warning C4018: '<': signed 또는 unsigned가 일치하지 않습니다.
c:\_____main\_____바로가기\___c++\프로젝트들\big_int\big_int\소스.cpp(361): warning C4018: '<': signed 또는 unsigned가 일치하지 않습니다.
c:\_____main\_____바로가기\___c++\프로젝트들\big_int\big_int\소스.cpp(364): warning C4805: '|=': 연산에 '_Ty' 형식과 'bool' 형식을 함께 사용하는 것은 안전하지 않습니다.
          with
          [
              _Ty=uint32
          ]
c:\_____main\_____바로가기\___c++\프로젝트들\big_int\big_int\소스.cpp(391): warning C4018: '<': signed 또는 unsigned가 일치하지 않습니다.
c:\_____main\_____바로가기\___c++\프로젝트들\big_int\big_int\소스.cpp(393): warning C4805: '|=': 연산에 '_Ty' 형식과 'bool' 형식을 함께 사용하는 것은 안전하지 않습니다.
          with
          [
              _Ty=uint32
          ]
  big_int.vcxproj -> C:\_____Main\_____바로가기\___C++\프로젝트들\big_int\Debug\big_int.exe
